running egg_info
creating ../../../build/vision_module/vision_module.egg-info
writing ../../../build/vision_module/vision_module.egg-info/PKG-INFO
writing dependency_links to ../../../build/vision_module/vision_module.egg-info/dependency_links.txt
writing entry points to ../../../build/vision_module/vision_module.egg-info/entry_points.txt
writing requirements to ../../../build/vision_module/vision_module.egg-info/requires.txt
writing top-level names to ../../../build/vision_module/vision_module.egg-info/top_level.txt
writing manifest file '../../../build/vision_module/vision_module.egg-info/SOURCES.txt'
reading manifest file '../../../build/vision_module/vision_module.egg-info/SOURCES.txt'
writing manifest file '../../../build/vision_module/vision_module.egg-info/SOURCES.txt'
running build
running build_py
creating /home/jingtai/henrycode/build/vision_module/build
creating /home/jingtai/henrycode/build/vision_module/build/lib
creating /home/jingtai/henrycode/build/vision_module/build/lib/vision_module
copying vision_module/dectionL_node.py -> /home/jingtai/henrycode/build/vision_module/build/lib/vision_module
copying vision_module/realsense_capture_node.py -> /home/jingtai/henrycode/build/vision_module/build/lib/vision_module
copying vision_module/feature.py -> /home/jingtai/henrycode/build/vision_module/build/lib/vision_module
copying vision_module/detection_node.py -> /home/jingtai/henrycode/build/vision_module/build/lib/vision_module
copying vision_module/roi_preview_node.py -> /home/jingtai/henrycode/build/vision_module/build/lib/vision_module
copying vision_module/icp_fitter.py -> /home/jingtai/henrycode/build/vision_module/build/lib/vision_module
copying vision_module/__init__.py -> /home/jingtai/henrycode/build/vision_module/build/lib/vision_module
copying vision_module/l_shape_detector.py -> /home/jingtai/henrycode/build/vision_module/build/lib/vision_module
copying vision_module/write.py -> /home/jingtai/henrycode/build/vision_module/build/lib/vision_module
copying vision_module/screw_detector.py -> /home/jingtai/henrycode/build/vision_module/build/lib/vision_module
creating /home/jingtai/henrycode/build/vision_module/build/lib/vision_module/template
copying vision_module/template/template1.png -> /home/jingtai/henrycode/build/vision_module/build/lib/vision_module/template
copying vision_module/template/template3.png -> /home/jingtai/henrycode/build/vision_module/build/lib/vision_module/template
copying vision_module/template/template0.png -> /home/jingtai/henrycode/build/vision_module/build/lib/vision_module/template
copying vision_module/template/template2.png -> /home/jingtai/henrycode/build/vision_module/build/lib/vision_module/template
creating /home/jingtai/henrycode/build/vision_module/build/lib/vision_module/template2_shape
copying vision_module/template2_shape/feature_shape_0.png -> /home/jingtai/henrycode/build/vision_module/build/lib/vision_module/template2_shape
copying vision_module/template2_shape/feature_shape_1.png -> /home/jingtai/henrycode/build/vision_module/build/lib/vision_module/template2_shape
copying vision_module/template2_shape/l_shape_2.png -> /home/jingtai/henrycode/build/vision_module/build/lib/vision_module/template2_shape
copying vision_module/template2_shape/feature_shape_2.png -> /home/jingtai/henrycode/build/vision_module/build/lib/vision_module/template2_shape
copying vision_module/template2_shape/feature_shape_3.png -> /home/jingtai/henrycode/build/vision_module/build/lib/vision_module/template2_shape
copying vision_module/template2_shape/l_shape_3.png -> /home/jingtai/henrycode/build/vision_module/build/lib/vision_module/template2_shape
copying vision_module/template2_shape/l_shape_0.png -> /home/jingtai/henrycode/build/vision_module/build/lib/vision_module/template2_shape
copying vision_module/template2_shape/l_shape_1.png -> /home/jingtai/henrycode/build/vision_module/build/lib/vision_module/template2_shape
creating /home/jingtai/henrycode/build/vision_module/build/lib/vision_module/template_l_shape
copying vision_module/template_l_shape/l_shape_0.png -> /home/jingtai/henrycode/build/vision_module/build/lib/vision_module/template_l_shape
copying vision_module/template_l_shape/l_shape_1.png -> /home/jingtai/henrycode/build/vision_module/build/lib/vision_module/template_l_shape
running install
running install_lib
creating /home/jingtai/henrycode/install/vision_module/lib/python3.10/site-packages/vision_module
copying /home/jingtai/henrycode/build/vision_module/build/lib/vision_module/dectionL_node.py -> /home/jingtai/henrycode/install/vision_module/lib/python3.10/site-packages/vision_module
copying /home/jingtai/henrycode/build/vision_module/build/lib/vision_module/realsense_capture_node.py -> /home/jingtai/henrycode/install/vision_module/lib/python3.10/site-packages/vision_module
copying /home/jingtai/henrycode/build/vision_module/build/lib/vision_module/feature.py -> /home/jingtai/henrycode/install/vision_module/lib/python3.10/site-packages/vision_module
copying /home/jingtai/henrycode/build/vision_module/build/lib/vision_module/detection_node.py -> /home/jingtai/henrycode/install/vision_module/lib/python3.10/site-packages/vision_module
copying /home/jingtai/henrycode/build/vision_module/build/lib/vision_module/roi_preview_node.py -> /home/jingtai/henrycode/install/vision_module/lib/python3.10/site-packages/vision_module
creating /home/jingtai/henrycode/install/vision_module/lib/python3.10/site-packages/vision_module/template_l_shape
copying /home/jingtai/henrycode/build/vision_module/build/lib/vision_module/template_l_shape/l_shape_0.png -> /home/jingtai/henrycode/install/vision_module/lib/python3.10/site-packages/vision_module/template_l_shape
copying /home/jingtai/henrycode/build/vision_module/build/lib/vision_module/template_l_shape/l_shape_1.png -> /home/jingtai/henrycode/install/vision_module/lib/python3.10/site-packages/vision_module/template_l_shape
copying /home/jingtai/henrycode/build/vision_module/build/lib/vision_module/icp_fitter.py -> /home/jingtai/henrycode/install/vision_module/lib/python3.10/site-packages/vision_module
copying /home/jingtai/henrycode/build/vision_module/build/lib/vision_module/__init__.py -> /home/jingtai/henrycode/install/vision_module/lib/python3.10/site-packages/vision_module
creating /home/jingtai/henrycode/install/vision_module/lib/python3.10/site-packages/vision_module/template
copying /home/jingtai/henrycode/build/vision_module/build/lib/vision_module/template/template1.png -> /home/jingtai/henrycode/install/vision_module/lib/python3.10/site-packages/vision_module/template
copying /home/jingtai/henrycode/build/vision_module/build/lib/vision_module/template/template3.png -> /home/jingtai/henrycode/install/vision_module/lib/python3.10/site-packages/vision_module/template
copying /home/jingtai/henrycode/build/vision_module/build/lib/vision_module/template/template0.png -> /home/jingtai/henrycode/install/vision_module/lib/python3.10/site-packages/vision_module/template
copying /home/jingtai/henrycode/build/vision_module/build/lib/vision_module/template/template2.png -> /home/jingtai/henrycode/install/vision_module/lib/python3.10/site-packages/vision_module/template
copying /home/jingtai/henrycode/build/vision_module/build/lib/vision_module/l_shape_detector.py -> /home/jingtai/henrycode/install/vision_module/lib/python3.10/site-packages/vision_module
creating /home/jingtai/henrycode/install/vision_module/lib/python3.10/site-packages/vision_module/template2_shape
copying /home/jingtai/henrycode/build/vision_module/build/lib/vision_module/template2_shape/feature_shape_0.png -> /home/jingtai/henrycode/install/vision_module/lib/python3.10/site-packages/vision_module/template2_shape
copying /home/jingtai/henrycode/build/vision_module/build/lib/vision_module/template2_shape/feature_shape_1.png -> /home/jingtai/henrycode/install/vision_module/lib/python3.10/site-packages/vision_module/template2_shape
copying /home/jingtai/henrycode/build/vision_module/build/lib/vision_module/template2_shape/l_shape_2.png -> /home/jingtai/henrycode/install/vision_module/lib/python3.10/site-packages/vision_module/template2_shape
copying /home/jingtai/henrycode/build/vision_module/build/lib/vision_module/template2_shape/feature_shape_2.png -> /home/jingtai/henrycode/install/vision_module/lib/python3.10/site-packages/vision_module/template2_shape
copying /home/jingtai/henrycode/build/vision_module/build/lib/vision_module/template2_shape/feature_shape_3.png -> /home/jingtai/henrycode/install/vision_module/lib/python3.10/site-packages/vision_module/template2_shape
copying /home/jingtai/henrycode/build/vision_module/build/lib/vision_module/template2_shape/l_shape_3.png -> /home/jingtai/henrycode/install/vision_module/lib/python3.10/site-packages/vision_module/template2_shape
copying /home/jingtai/henrycode/build/vision_module/build/lib/vision_module/template2_shape/l_shape_0.png -> /home/jingtai/henrycode/install/vision_module/lib/python3.10/site-packages/vision_module/template2_shape
copying /home/jingtai/henrycode/build/vision_module/build/lib/vision_module/template2_shape/l_shape_1.png -> /home/jingtai/henrycode/install/vision_module/lib/python3.10/site-packages/vision_module/template2_shape
copying /home/jingtai/henrycode/build/vision_module/build/lib/vision_module/write.py -> /home/jingtai/henrycode/install/vision_module/lib/python3.10/site-packages/vision_module
copying /home/jingtai/henrycode/build/vision_module/build/lib/vision_module/screw_detector.py -> /home/jingtai/henrycode/install/vision_module/lib/python3.10/site-packages/vision_module
byte-compiling /home/jingtai/henrycode/install/vision_module/lib/python3.10/site-packages/vision_module/dectionL_node.py to dectionL_node.cpython-310.pyc
byte-compiling /home/jingtai/henrycode/install/vision_module/lib/python3.10/site-packages/vision_module/realsense_capture_node.py to realsense_capture_node.cpython-310.pyc
byte-compiling /home/jingtai/henrycode/install/vision_module/lib/python3.10/site-packages/vision_module/feature.py to feature.cpython-310.pyc
byte-compiling /home/jingtai/henrycode/install/vision_module/lib/python3.10/site-packages/vision_module/detection_node.py to detection_node.cpython-310.pyc
byte-compiling /home/jingtai/henrycode/install/vision_module/lib/python3.10/site-packages/vision_module/roi_preview_node.py to roi_preview_node.cpython-310.pyc
byte-compiling /home/jingtai/henrycode/install/vision_module/lib/python3.10/site-packages/vision_module/icp_fitter.py to icp_fitter.cpython-310.pyc
byte-compiling /home/jingtai/henrycode/install/vision_module/lib/python3.10/site-packages/vision_module/__init__.py to __init__.cpython-310.pyc
byte-compiling /home/jingtai/henrycode/install/vision_module/lib/python3.10/site-packages/vision_module/l_shape_detector.py to l_shape_detector.cpython-310.pyc
byte-compiling /home/jingtai/henrycode/install/vision_module/lib/python3.10/site-packages/vision_module/write.py to write.cpython-310.pyc
byte-compiling /home/jingtai/henrycode/install/vision_module/lib/python3.10/site-packages/vision_module/screw_detector.py to screw_detector.cpython-310.pyc
running install_data
creating /home/jingtai/henrycode/install/vision_module/share/ament_index
creating /home/jingtai/henrycode/install/vision_module/share/ament_index/resource_index
creating /home/jingtai/henrycode/install/vision_module/share/ament_index/resource_index/packages
copying resource/vision_module -> /home/jingtai/henrycode/install/vision_module/share/ament_index/resource_index/packages
copying package.xml -> /home/jingtai/henrycode/install/vision_module/share/vision_module
creating /home/jingtai/henrycode/install/vision_module/share/vision_module/template
copying vision_module/template/template1.png -> /home/jingtai/henrycode/install/vision_module/share/vision_module/template
copying vision_module/template/template3.png -> /home/jingtai/henrycode/install/vision_module/share/vision_module/template
copying vision_module/template/template0.png -> /home/jingtai/henrycode/install/vision_module/share/vision_module/template
copying vision_module/template/template2.png -> /home/jingtai/henrycode/install/vision_module/share/vision_module/template
creating /home/jingtai/henrycode/install/vision_module/share/vision_module/template2_shape
copying vision_module/template2_shape/feature_shape_0.png -> /home/jingtai/henrycode/install/vision_module/share/vision_module/template2_shape
copying vision_module/template2_shape/feature_shape_1.png -> /home/jingtai/henrycode/install/vision_module/share/vision_module/template2_shape
copying vision_module/template2_shape/l_shape_2.png -> /home/jingtai/henrycode/install/vision_module/share/vision_module/template2_shape
copying vision_module/template2_shape/feature_shape_2.png -> /home/jingtai/henrycode/install/vision_module/share/vision_module/template2_shape
copying vision_module/template2_shape/feature_shape_3.png -> /home/jingtai/henrycode/install/vision_module/share/vision_module/template2_shape
copying vision_module/template2_shape/l_shape_3.png -> /home/jingtai/henrycode/install/vision_module/share/vision_module/template2_shape
copying vision_module/template2_shape/l_shape_0.png -> /home/jingtai/henrycode/install/vision_module/share/vision_module/template2_shape
copying vision_module/template2_shape/l_shape_1.png -> /home/jingtai/henrycode/install/vision_module/share/vision_module/template2_shape
creating /home/jingtai/henrycode/install/vision_module/share/vision_module/template_l_shape
copying vision_module/template_l_shape/l_shape_0.png -> /home/jingtai/henrycode/install/vision_module/share/vision_module/template_l_shape
copying vision_module/template_l_shape/l_shape_1.png -> /home/jingtai/henrycode/install/vision_module/share/vision_module/template_l_shape
creating /home/jingtai/henrycode/install/vision_module/lib/vision_module
creating /home/jingtai/henrycode/install/vision_module/lib/vision_module/template
copying vision_module/template/template1.png -> /home/jingtai/henrycode/install/vision_module/lib/vision_module/template
copying vision_module/template/template3.png -> /home/jingtai/henrycode/install/vision_module/lib/vision_module/template
copying vision_module/template/template0.png -> /home/jingtai/henrycode/install/vision_module/lib/vision_module/template
copying vision_module/template/template2.png -> /home/jingtai/henrycode/install/vision_module/lib/vision_module/template
creating /home/jingtai/henrycode/install/vision_module/lib/vision_module/template2_shape
copying vision_module/template2_shape/feature_shape_0.png -> /home/jingtai/henrycode/install/vision_module/lib/vision_module/template2_shape
copying vision_module/template2_shape/feature_shape_1.png -> /home/jingtai/henrycode/install/vision_module/lib/vision_module/template2_shape
copying vision_module/template2_shape/l_shape_2.png -> /home/jingtai/henrycode/install/vision_module/lib/vision_module/template2_shape
copying vision_module/template2_shape/feature_shape_2.png -> /home/jingtai/henrycode/install/vision_module/lib/vision_module/template2_shape
copying vision_module/template2_shape/feature_shape_3.png -> /home/jingtai/henrycode/install/vision_module/lib/vision_module/template2_shape
copying vision_module/template2_shape/l_shape_3.png -> /home/jingtai/henrycode/install/vision_module/lib/vision_module/template2_shape
copying vision_module/template2_shape/l_shape_0.png -> /home/jingtai/henrycode/install/vision_module/lib/vision_module/template2_shape
copying vision_module/template2_shape/l_shape_1.png -> /home/jingtai/henrycode/install/vision_module/lib/vision_module/template2_shape
creating /home/jingtai/henrycode/install/vision_module/lib/vision_module/template_l_shape
copying vision_module/template_l_shape/l_shape_0.png -> /home/jingtai/henrycode/install/vision_module/lib/vision_module/template_l_shape
copying vision_module/template_l_shape/l_shape_1.png -> /home/jingtai/henrycode/install/vision_module/lib/vision_module/template_l_shape
running install_egg_info
Copying ../../../build/vision_module/vision_module.egg-info to /home/jingtai/henrycode/install/vision_module/lib/python3.10/site-packages/vision_module-0.0.0-py3.10.egg-info
running install_scripts
Installing dectionL_node script to /home/jingtai/henrycode/install/vision_module/lib/vision_module
Installing detection_node script to /home/jingtai/henrycode/install/vision_module/lib/vision_module
Installing icp_fitter script to /home/jingtai/henrycode/install/vision_module/lib/vision_module
Installing l_shape_detector script to /home/jingtai/henrycode/install/vision_module/lib/vision_module
Installing realsense_capture_node script to /home/jingtai/henrycode/install/vision_module/lib/vision_module
Installing realsense_rough script to /home/jingtai/henrycode/install/vision_module/lib/vision_module
Installing realsenselib script to /home/jingtai/henrycode/install/vision_module/lib/vision_module
Installing roi_preview_node script to /home/jingtai/henrycode/install/vision_module/lib/vision_module
Installing screw_detector script to /home/jingtai/henrycode/install/vision_module/lib/vision_module
writing list of installed files to '/home/jingtai/henrycode/build/vision_module/install.log'
