[0.459s] DEBUG:colcon:Command line arguments: ['/usr/bin/colcon', 'build', '--packages-select', 'vision_module']
[0.459s] DEBUG:colcon:Parsed command line arguments: Namespace(log_base=None, log_level=None, verb_name='build', build_base='build', install_base='install', merge_install=False, symlink_install=False, test_result_base=None, continue_on_error=False, executor='parallel', parallel_workers=4, event_handlers=None, ignore_user_meta=False, metas=['./colcon.meta'], base_paths=['.'], packages_ignore=None, packages_ignore_regex=None, paths=None, packages_up_to=None, packages_up_to_regex=None, packages_above=None, packages_above_and_dependencies=None, packages_above_depth=None, packages_select_by_dep=None, packages_skip_by_dep=None, packages_skip_up_to=None, packages_select_build_failed=False, packages_skip_build_finished=False, packages_select_test_failures=False, packages_skip_test_passed=False, packages_select=['vision_module'], packages_skip=None, packages_select_regex=None, packages_skip_regex=None, packages_start=None, packages_end=None, allow_overriding=[], cmake_args=None, cmake_target=None, cmake_target_skip_unavailable=False, cmake_clean_cache=False, cmake_clean_first=False, cmake_force_configure=False, ament_cmake_args=None, catkin_cmake_args=None, catkin_skip_building_tests=False, mixin_files=None, mixin=None, verb_parser=<colcon_mixin.mixin.mixin_argument.MixinArgumentDecorator object at 0x7073ffbcf220>, verb_extension=<colcon_core.verb.build.BuildVerb object at 0x7073ffd63fd0>, main=<bound method BuildVerb.main of <colcon_core.verb.build.BuildVerb object at 0x7073ffd63fd0>>, mixin_verb=('build',))
[0.705s] Level 1:colcon.colcon_core.package_discovery:discover_packages(colcon_meta) check parameters
[0.705s] Level 1:colcon.colcon_core.package_discovery:discover_packages(recursive) check parameters
[0.705s] Level 1:colcon.colcon_core.package_discovery:discover_packages(ignore) check parameters
[0.705s] Level 1:colcon.colcon_core.package_discovery:discover_packages(path) check parameters
[0.705s] Level 1:colcon.colcon_core.package_discovery:discover_packages(colcon_meta) discover
[0.705s] Level 1:colcon.colcon_core.package_discovery:discover_packages(recursive) discover
[0.705s] INFO:colcon.colcon_core.package_discovery:Crawling recursively for packages in '/home/jingtai/henrycode'
[0.705s] Level 1:colcon.colcon_core.package_identification:_identify(.) by extensions ['ignore', 'ignore_ament_install']
[0.705s] Level 1:colcon.colcon_core.package_identification:_identify(.) by extension 'ignore'
[0.705s] Level 1:colcon.colcon_core.package_identification:_identify(.) by extension 'ignore_ament_install'
[0.705s] Level 1:colcon.colcon_core.package_identification:_identify(.) by extensions ['colcon_pkg']
[0.705s] Level 1:colcon.colcon_core.package_identification:_identify(.) by extension 'colcon_pkg'
[0.705s] Level 1:colcon.colcon_core.package_identification:_identify(.) by extensions ['colcon_meta']
[0.705s] Level 1:colcon.colcon_core.package_identification:_identify(.) by extension 'colcon_meta'
[0.705s] Level 1:colcon.colcon_core.package_identification:_identify(.) by extensions ['ros']
[0.705s] Level 1:colcon.colcon_core.package_identification:_identify(.) by extension 'ros'
[0.718s] Level 1:colcon.colcon_core.package_identification:_identify(.) by extensions ['cmake', 'python']
[0.718s] Level 1:colcon.colcon_core.package_identification:_identify(.) by extension 'cmake'
[0.718s] Level 1:colcon.colcon_core.package_identification:_identify(.) by extension 'python'
[0.718s] Level 1:colcon.colcon_core.package_identification:_identify(.) by extensions ['python_setup_py']
[0.718s] Level 1:colcon.colcon_core.package_identification:_identify(.) by extension 'python_setup_py'
[0.718s] Level 1:colcon.colcon_core.package_identification:_identify(build) by extensions ['ignore', 'ignore_ament_install']
[0.719s] Level 1:colcon.colcon_core.package_identification:_identify(build) by extension 'ignore'
[0.719s] Level 1:colcon.colcon_core.package_identification:_identify(build) ignored
[0.719s] Level 1:colcon.colcon_core.package_identification:_identify(cas_ws) by extensions ['ignore', 'ignore_ament_install']
[0.719s] Level 1:colcon.colcon_core.package_identification:_identify(cas_ws) by extension 'ignore'
[0.719s] Level 1:colcon.colcon_core.package_identification:_identify(cas_ws) by extension 'ignore_ament_install'
[0.719s] Level 1:colcon.colcon_core.package_identification:_identify(cas_ws) by extensions ['colcon_pkg']
[0.719s] Level 1:colcon.colcon_core.package_identification:_identify(cas_ws) by extension 'colcon_pkg'
[0.719s] Level 1:colcon.colcon_core.package_identification:_identify(cas_ws) by extensions ['colcon_meta']
[0.719s] Level 1:colcon.colcon_core.package_identification:_identify(cas_ws) by extension 'colcon_meta'
[0.719s] Level 1:colcon.colcon_core.package_identification:_identify(cas_ws) by extensions ['ros']
[0.719s] Level 1:colcon.colcon_core.package_identification:_identify(cas_ws) by extension 'ros'
[0.719s] Level 1:colcon.colcon_core.package_identification:_identify(cas_ws) by extensions ['cmake', 'python']
[0.719s] Level 1:colcon.colcon_core.package_identification:_identify(cas_ws) by extension 'cmake'
[0.719s] Level 1:colcon.colcon_core.package_identification:_identify(cas_ws) by extension 'python'
[0.719s] Level 1:colcon.colcon_core.package_identification:_identify(cas_ws) by extensions ['python_setup_py']
[0.719s] Level 1:colcon.colcon_core.package_identification:_identify(cas_ws) by extension 'python_setup_py'
[0.720s] Level 1:colcon.colcon_core.package_identification:_identify(cas_ws/build) by extensions ['ignore', 'ignore_ament_install']
[0.720s] Level 1:colcon.colcon_core.package_identification:_identify(cas_ws/build) by extension 'ignore'
[0.720s] Level 1:colcon.colcon_core.package_identification:_identify(cas_ws/build) ignored
[0.720s] Level 1:colcon.colcon_core.package_identification:_identify(cas_ws/captures) by extensions ['ignore', 'ignore_ament_install']
[0.720s] Level 1:colcon.colcon_core.package_identification:_identify(cas_ws/captures) by extension 'ignore'
[0.720s] Level 1:colcon.colcon_core.package_identification:_identify(cas_ws/captures) by extension 'ignore_ament_install'
[0.721s] Level 1:colcon.colcon_core.package_identification:_identify(cas_ws/captures) by extensions ['colcon_pkg']
[0.721s] Level 1:colcon.colcon_core.package_identification:_identify(cas_ws/captures) by extension 'colcon_pkg'
[0.721s] Level 1:colcon.colcon_core.package_identification:_identify(cas_ws/captures) by extensions ['colcon_meta']
[0.721s] Level 1:colcon.colcon_core.package_identification:_identify(cas_ws/captures) by extension 'colcon_meta'
[0.721s] Level 1:colcon.colcon_core.package_identification:_identify(cas_ws/captures) by extensions ['ros']
[0.721s] Level 1:colcon.colcon_core.package_identification:_identify(cas_ws/captures) by extension 'ros'
[0.721s] Level 1:colcon.colcon_core.package_identification:_identify(cas_ws/captures) by extensions ['cmake', 'python']
[0.721s] Level 1:colcon.colcon_core.package_identification:_identify(cas_ws/captures) by extension 'cmake'
[0.721s] Level 1:colcon.colcon_core.package_identification:_identify(cas_ws/captures) by extension 'python'
[0.721s] Level 1:colcon.colcon_core.package_identification:_identify(cas_ws/captures) by extensions ['python_setup_py']
[0.721s] Level 1:colcon.colcon_core.package_identification:_identify(cas_ws/captures) by extension 'python_setup_py'
[0.721s] Level 1:colcon.colcon_core.package_identification:_identify(cas_ws/golden_samples) by extensions ['ignore', 'ignore_ament_install']
[0.721s] Level 1:colcon.colcon_core.package_identification:_identify(cas_ws/golden_samples) by extension 'ignore'
[0.721s] Level 1:colcon.colcon_core.package_identification:_identify(cas_ws/golden_samples) by extension 'ignore_ament_install'
[0.722s] Level 1:colcon.colcon_core.package_identification:_identify(cas_ws/golden_samples) by extensions ['colcon_pkg']
[0.722s] Level 1:colcon.colcon_core.package_identification:_identify(cas_ws/golden_samples) by extension 'colcon_pkg'
[0.722s] Level 1:colcon.colcon_core.package_identification:_identify(cas_ws/golden_samples) by extensions ['colcon_meta']
[0.722s] Level 1:colcon.colcon_core.package_identification:_identify(cas_ws/golden_samples) by extension 'colcon_meta'
[0.722s] Level 1:colcon.colcon_core.package_identification:_identify(cas_ws/golden_samples) by extensions ['ros']
[0.722s] Level 1:colcon.colcon_core.package_identification:_identify(cas_ws/golden_samples) by extension 'ros'
[0.722s] Level 1:colcon.colcon_core.package_identification:_identify(cas_ws/golden_samples) by extensions ['cmake', 'python']
[0.722s] Level 1:colcon.colcon_core.package_identification:_identify(cas_ws/golden_samples) by extension 'cmake'
[0.722s] Level 1:colcon.colcon_core.package_identification:_identify(cas_ws/golden_samples) by extension 'python'
[0.722s] Level 1:colcon.colcon_core.package_identification:_identify(cas_ws/golden_samples) by extensions ['python_setup_py']
[0.722s] Level 1:colcon.colcon_core.package_identification:_identify(cas_ws/golden_samples) by extension 'python_setup_py'
[0.723s] Level 1:colcon.colcon_core.package_identification:_identify(cas_ws/install) by extensions ['ignore', 'ignore_ament_install']
[0.723s] Level 1:colcon.colcon_core.package_identification:_identify(cas_ws/install) by extension 'ignore'
[0.723s] Level 1:colcon.colcon_core.package_identification:_identify(cas_ws/install) ignored
[0.724s] Level 1:colcon.colcon_core.package_identification:_identify(cas_ws/log) by extensions ['ignore', 'ignore_ament_install']
[0.724s] Level 1:colcon.colcon_core.package_identification:_identify(cas_ws/log) by extension 'ignore'
[0.724s] Level 1:colcon.colcon_core.package_identification:_identify(cas_ws/log) ignored
[0.724s] Level 1:colcon.colcon_core.package_identification:_identify(cas_ws/src) by extensions ['ignore', 'ignore_ament_install']
[0.724s] Level 1:colcon.colcon_core.package_identification:_identify(cas_ws/src) by extension 'ignore'
[0.724s] Level 1:colcon.colcon_core.package_identification:_identify(cas_ws/src) by extension 'ignore_ament_install'
[0.724s] Level 1:colcon.colcon_core.package_identification:_identify(cas_ws/src) by extensions ['colcon_pkg']
[0.724s] Level 1:colcon.colcon_core.package_identification:_identify(cas_ws/src) by extension 'colcon_pkg'
[0.725s] Level 1:colcon.colcon_core.package_identification:_identify(cas_ws/src) by extensions ['colcon_meta']
[0.725s] Level 1:colcon.colcon_core.package_identification:_identify(cas_ws/src) by extension 'colcon_meta'
[0.725s] Level 1:colcon.colcon_core.package_identification:_identify(cas_ws/src) by extensions ['ros']
[0.725s] Level 1:colcon.colcon_core.package_identification:_identify(cas_ws/src) by extension 'ros'
[0.725s] Level 1:colcon.colcon_core.package_identification:_identify(cas_ws/src) by extensions ['cmake', 'python']
[0.725s] Level 1:colcon.colcon_core.package_identification:_identify(cas_ws/src) by extension 'cmake'
[0.725s] Level 1:colcon.colcon_core.package_identification:_identify(cas_ws/src) by extension 'python'
[0.725s] Level 1:colcon.colcon_core.package_identification:_identify(cas_ws/src) by extensions ['python_setup_py']
[0.725s] Level 1:colcon.colcon_core.package_identification:_identify(cas_ws/src) by extension 'python_setup_py'
[0.725s] Level 1:colcon.colcon_core.package_identification:_identify(cas_ws/src/common_msgs) by extensions ['ignore', 'ignore_ament_install']
[0.725s] Level 1:colcon.colcon_core.package_identification:_identify(cas_ws/src/common_msgs) by extension 'ignore'
[0.725s] Level 1:colcon.colcon_core.package_identification:_identify(cas_ws/src/common_msgs) by extension 'ignore_ament_install'
[0.725s] Level 1:colcon.colcon_core.package_identification:_identify(cas_ws/src/common_msgs) by extensions ['colcon_pkg']
[0.726s] Level 1:colcon.colcon_core.package_identification:_identify(cas_ws/src/common_msgs) by extension 'colcon_pkg'
[0.726s] Level 1:colcon.colcon_core.package_identification:_identify(cas_ws/src/common_msgs) by extensions ['colcon_meta']
[0.726s] Level 1:colcon.colcon_core.package_identification:_identify(cas_ws/src/common_msgs) by extension 'colcon_meta'
[0.726s] Level 1:colcon.colcon_core.package_identification:_identify(cas_ws/src/common_msgs) by extensions ['ros']
[0.726s] Level 1:colcon.colcon_core.package_identification:_identify(cas_ws/src/common_msgs) by extension 'ros'
[0.731s] DEBUG:colcon.colcon_core.package_identification:Package 'cas_ws/src/common_msgs' with type 'ros.ament_cmake' and name 'common_msgs'
[0.731s] Level 1:colcon.colcon_core.package_identification:_identify(cas_ws/src/io_module) by extensions ['ignore', 'ignore_ament_install']
[0.731s] Level 1:colcon.colcon_core.package_identification:_identify(cas_ws/src/io_module) by extension 'ignore'
[0.731s] Level 1:colcon.colcon_core.package_identification:_identify(cas_ws/src/io_module) by extension 'ignore_ament_install'
[0.731s] Level 1:colcon.colcon_core.package_identification:_identify(cas_ws/src/io_module) by extensions ['colcon_pkg']
[0.731s] Level 1:colcon.colcon_core.package_identification:_identify(cas_ws/src/io_module) by extension 'colcon_pkg'
[0.731s] Level 1:colcon.colcon_core.package_identification:_identify(cas_ws/src/io_module) by extensions ['colcon_meta']
[0.731s] Level 1:colcon.colcon_core.package_identification:_identify(cas_ws/src/io_module) by extension 'colcon_meta'
[0.731s] Level 1:colcon.colcon_core.package_identification:_identify(cas_ws/src/io_module) by extensions ['ros']
[0.731s] Level 1:colcon.colcon_core.package_identification:_identify(cas_ws/src/io_module) by extension 'ros'
[0.731s] DEBUG:colcon.colcon_core.package_identification:Package 'cas_ws/src/io_module' with type 'ros.ament_python' and name 'io_module'
[0.731s] Level 1:colcon.colcon_core.package_identification:_identify(cas_ws/src/model_module) by extensions ['ignore', 'ignore_ament_install']
[0.731s] Level 1:colcon.colcon_core.package_identification:_identify(cas_ws/src/model_module) by extension 'ignore'
[0.731s] Level 1:colcon.colcon_core.package_identification:_identify(cas_ws/src/model_module) by extension 'ignore_ament_install'
[0.732s] Level 1:colcon.colcon_core.package_identification:_identify(cas_ws/src/model_module) by extensions ['colcon_pkg']
[0.732s] Level 1:colcon.colcon_core.package_identification:_identify(cas_ws/src/model_module) by extension 'colcon_pkg'
[0.732s] Level 1:colcon.colcon_core.package_identification:_identify(cas_ws/src/model_module) by extensions ['colcon_meta']
[0.732s] Level 1:colcon.colcon_core.package_identification:_identify(cas_ws/src/model_module) by extension 'colcon_meta'
[0.732s] Level 1:colcon.colcon_core.package_identification:_identify(cas_ws/src/model_module) by extensions ['ros']
[0.732s] Level 1:colcon.colcon_core.package_identification:_identify(cas_ws/src/model_module) by extension 'ros'
[0.732s] DEBUG:colcon.colcon_core.package_identification:Package 'cas_ws/src/model_module' with type 'ros.ament_python' and name 'model_module'
[0.732s] Level 1:colcon.colcon_core.package_identification:_identify(cas_ws/src/motion_control_module) by extensions ['ignore', 'ignore_ament_install']
[0.732s] Level 1:colcon.colcon_core.package_identification:_identify(cas_ws/src/motion_control_module) by extension 'ignore'
[0.732s] Level 1:colcon.colcon_core.package_identification:_identify(cas_ws/src/motion_control_module) by extension 'ignore_ament_install'
[0.732s] Level 1:colcon.colcon_core.package_identification:_identify(cas_ws/src/motion_control_module) by extensions ['colcon_pkg']
[0.732s] Level 1:colcon.colcon_core.package_identification:_identify(cas_ws/src/motion_control_module) by extension 'colcon_pkg'
[0.732s] Level 1:colcon.colcon_core.package_identification:_identify(cas_ws/src/motion_control_module) by extensions ['colcon_meta']
[0.732s] Level 1:colcon.colcon_core.package_identification:_identify(cas_ws/src/motion_control_module) by extension 'colcon_meta'
[0.732s] Level 1:colcon.colcon_core.package_identification:_identify(cas_ws/src/motion_control_module) by extensions ['ros']
[0.732s] Level 1:colcon.colcon_core.package_identification:_identify(cas_ws/src/motion_control_module) by extension 'ros'
[0.733s] DEBUG:colcon.colcon_core.package_identification:Package 'cas_ws/src/motion_control_module' with type 'ros.ament_python' and name 'motion_control_module'
[0.733s] Level 1:colcon.colcon_core.package_identification:_identify(cas_ws/src/motor_control_module) by extensions ['ignore', 'ignore_ament_install']
[0.733s] Level 1:colcon.colcon_core.package_identification:_identify(cas_ws/src/motor_control_module) by extension 'ignore'
[0.733s] Level 1:colcon.colcon_core.package_identification:_identify(cas_ws/src/motor_control_module) by extension 'ignore_ament_install'
[0.733s] Level 1:colcon.colcon_core.package_identification:_identify(cas_ws/src/motor_control_module) by extensions ['colcon_pkg']
[0.733s] Level 1:colcon.colcon_core.package_identification:_identify(cas_ws/src/motor_control_module) by extension 'colcon_pkg'
[0.733s] Level 1:colcon.colcon_core.package_identification:_identify(cas_ws/src/motor_control_module) by extensions ['colcon_meta']
[0.733s] Level 1:colcon.colcon_core.package_identification:_identify(cas_ws/src/motor_control_module) by extension 'colcon_meta'
[0.733s] Level 1:colcon.colcon_core.package_identification:_identify(cas_ws/src/motor_control_module) by extensions ['ros']
[0.733s] Level 1:colcon.colcon_core.package_identification:_identify(cas_ws/src/motor_control_module) by extension 'ros'
[0.733s] DEBUG:colcon.colcon_core.package_identification:Package 'cas_ws/src/motor_control_module' with type 'ros.ament_python' and name 'motor_control_module'
[0.733s] Level 1:colcon.colcon_core.package_identification:_identify(cas_ws/src/object_frame_compensation_package) by extensions ['ignore', 'ignore_ament_install']
[0.733s] Level 1:colcon.colcon_core.package_identification:_identify(cas_ws/src/object_frame_compensation_package) by extension 'ignore'
[0.733s] Level 1:colcon.colcon_core.package_identification:_identify(cas_ws/src/object_frame_compensation_package) by extension 'ignore_ament_install'
[0.733s] Level 1:colcon.colcon_core.package_identification:_identify(cas_ws/src/object_frame_compensation_package) by extensions ['colcon_pkg']
[0.733s] Level 1:colcon.colcon_core.package_identification:_identify(cas_ws/src/object_frame_compensation_package) by extension 'colcon_pkg'
[0.733s] Level 1:colcon.colcon_core.package_identification:_identify(cas_ws/src/object_frame_compensation_package) by extensions ['colcon_meta']
[0.733s] Level 1:colcon.colcon_core.package_identification:_identify(cas_ws/src/object_frame_compensation_package) by extension 'colcon_meta'
[0.734s] Level 1:colcon.colcon_core.package_identification:_identify(cas_ws/src/object_frame_compensation_package) by extensions ['ros']
[0.734s] Level 1:colcon.colcon_core.package_identification:_identify(cas_ws/src/object_frame_compensation_package) by extension 'ros'
[0.735s] DEBUG:colcon.colcon_core.package_identification:Package 'cas_ws/src/object_frame_compensation_package' with type 'ros.ament_python' and name 'object_frame_compensation_package'
[0.735s] Level 1:colcon.colcon_core.package_identification:_identify(cas_ws/src/state_machine_module) by extensions ['ignore', 'ignore_ament_install']
[0.735s] Level 1:colcon.colcon_core.package_identification:_identify(cas_ws/src/state_machine_module) by extension 'ignore'
[0.735s] Level 1:colcon.colcon_core.package_identification:_identify(cas_ws/src/state_machine_module) by extension 'ignore_ament_install'
[0.735s] Level 1:colcon.colcon_core.package_identification:_identify(cas_ws/src/state_machine_module) by extensions ['colcon_pkg']
[0.735s] Level 1:colcon.colcon_core.package_identification:_identify(cas_ws/src/state_machine_module) by extension 'colcon_pkg'
[0.735s] Level 1:colcon.colcon_core.package_identification:_identify(cas_ws/src/state_machine_module) by extensions ['colcon_meta']
[0.735s] Level 1:colcon.colcon_core.package_identification:_identify(cas_ws/src/state_machine_module) by extension 'colcon_meta'
[0.735s] Level 1:colcon.colcon_core.package_identification:_identify(cas_ws/src/state_machine_module) by extensions ['ros']
[0.735s] Level 1:colcon.colcon_core.package_identification:_identify(cas_ws/src/state_machine_module) by extension 'ros'
[0.736s] DEBUG:colcon.colcon_core.package_identification:Package 'cas_ws/src/state_machine_module' with type 'ros.ament_python' and name 'state_machine_module'
[0.736s] Level 1:colcon.colcon_core.package_identification:_identify(cas_ws/src/task_module) by extensions ['ignore', 'ignore_ament_install']
[0.736s] Level 1:colcon.colcon_core.package_identification:_identify(cas_ws/src/task_module) by extension 'ignore'
[0.736s] Level 1:colcon.colcon_core.package_identification:_identify(cas_ws/src/task_module) by extension 'ignore_ament_install'
[0.736s] Level 1:colcon.colcon_core.package_identification:_identify(cas_ws/src/task_module) by extensions ['colcon_pkg']
[0.736s] Level 1:colcon.colcon_core.package_identification:_identify(cas_ws/src/task_module) by extension 'colcon_pkg'
[0.736s] Level 1:colcon.colcon_core.package_identification:_identify(cas_ws/src/task_module) by extensions ['colcon_meta']
[0.736s] Level 1:colcon.colcon_core.package_identification:_identify(cas_ws/src/task_module) by extension 'colcon_meta'
[0.736s] Level 1:colcon.colcon_core.package_identification:_identify(cas_ws/src/task_module) by extensions ['ros']
[0.737s] Level 1:colcon.colcon_core.package_identification:_identify(cas_ws/src/task_module) by extension 'ros'
[0.737s] DEBUG:colcon.colcon_core.package_identification:Package 'cas_ws/src/task_module' with type 'ros.ament_python' and name 'task_module'
[0.737s] Level 1:colcon.colcon_core.package_identification:_identify(cas_ws/src/ui_app) by extensions ['ignore', 'ignore_ament_install']
[0.737s] Level 1:colcon.colcon_core.package_identification:_identify(cas_ws/src/ui_app) by extension 'ignore'
[0.737s] Level 1:colcon.colcon_core.package_identification:_identify(cas_ws/src/ui_app) by extension 'ignore_ament_install'
[0.737s] Level 1:colcon.colcon_core.package_identification:_identify(cas_ws/src/ui_app) by extensions ['colcon_pkg']
[0.737s] Level 1:colcon.colcon_core.package_identification:_identify(cas_ws/src/ui_app) by extension 'colcon_pkg'
[0.737s] Level 1:colcon.colcon_core.package_identification:_identify(cas_ws/src/ui_app) by extensions ['colcon_meta']
[0.737s] Level 1:colcon.colcon_core.package_identification:_identify(cas_ws/src/ui_app) by extension 'colcon_meta'
[0.737s] Level 1:colcon.colcon_core.package_identification:_identify(cas_ws/src/ui_app) by extensions ['ros']
[0.737s] Level 1:colcon.colcon_core.package_identification:_identify(cas_ws/src/ui_app) by extension 'ros'
[0.738s] DEBUG:colcon.colcon_core.package_identification:Package 'cas_ws/src/ui_app' with type 'ros.ament_python' and name 'ui_app'
[0.739s] Level 1:colcon.colcon_core.package_identification:_identify(cas_ws/src/ui_module) by extensions ['ignore', 'ignore_ament_install']
[0.739s] Level 1:colcon.colcon_core.package_identification:_identify(cas_ws/src/ui_module) by extension 'ignore'
[0.739s] Level 1:colcon.colcon_core.package_identification:_identify(cas_ws/src/ui_module) by extension 'ignore_ament_install'
[0.739s] Level 1:colcon.colcon_core.package_identification:_identify(cas_ws/src/ui_module) by extensions ['colcon_pkg']
[0.739s] Level 1:colcon.colcon_core.package_identification:_identify(cas_ws/src/ui_module) by extension 'colcon_pkg'
[0.739s] Level 1:colcon.colcon_core.package_identification:_identify(cas_ws/src/ui_module) by extensions ['colcon_meta']
[0.739s] Level 1:colcon.colcon_core.package_identification:_identify(cas_ws/src/ui_module) by extension 'colcon_meta'
[0.739s] Level 1:colcon.colcon_core.package_identification:_identify(cas_ws/src/ui_module) by extensions ['ros']
[0.739s] Level 1:colcon.colcon_core.package_identification:_identify(cas_ws/src/ui_module) by extension 'ros'
[0.739s] DEBUG:colcon.colcon_core.package_identification:Package 'cas_ws/src/ui_module' with type 'ros.ament_python' and name 'ui_module'
[0.739s] Level 1:colcon.colcon_core.package_identification:_identify(cas_ws/src/uros_interface) by extensions ['ignore', 'ignore_ament_install']
[0.739s] Level 1:colcon.colcon_core.package_identification:_identify(cas_ws/src/uros_interface) by extension 'ignore'
[0.739s] Level 1:colcon.colcon_core.package_identification:_identify(cas_ws/src/uros_interface) by extension 'ignore_ament_install'
[0.739s] Level 1:colcon.colcon_core.package_identification:_identify(cas_ws/src/uros_interface) by extensions ['colcon_pkg']
[0.739s] Level 1:colcon.colcon_core.package_identification:_identify(cas_ws/src/uros_interface) by extension 'colcon_pkg'
[0.739s] Level 1:colcon.colcon_core.package_identification:_identify(cas_ws/src/uros_interface) by extensions ['colcon_meta']
[0.739s] Level 1:colcon.colcon_core.package_identification:_identify(cas_ws/src/uros_interface) by extension 'colcon_meta'
[0.739s] Level 1:colcon.colcon_core.package_identification:_identify(cas_ws/src/uros_interface) by extensions ['ros']
[0.739s] Level 1:colcon.colcon_core.package_identification:_identify(cas_ws/src/uros_interface) by extension 'ros'
[0.740s] DEBUG:colcon.colcon_core.package_identification:Package 'cas_ws/src/uros_interface' with type 'ros.ament_cmake' and name 'uros_interface'
[0.740s] Level 1:colcon.colcon_core.package_identification:_identify(cas_ws/src/vision_module) by extensions ['ignore', 'ignore_ament_install']
[0.740s] Level 1:colcon.colcon_core.package_identification:_identify(cas_ws/src/vision_module) by extension 'ignore'
[0.740s] Level 1:colcon.colcon_core.package_identification:_identify(cas_ws/src/vision_module) by extension 'ignore_ament_install'
[0.740s] Level 1:colcon.colcon_core.package_identification:_identify(cas_ws/src/vision_module) by extensions ['colcon_pkg']
[0.740s] Level 1:colcon.colcon_core.package_identification:_identify(cas_ws/src/vision_module) by extension 'colcon_pkg'
[0.740s] Level 1:colcon.colcon_core.package_identification:_identify(cas_ws/src/vision_module) by extensions ['colcon_meta']
[0.740s] Level 1:colcon.colcon_core.package_identification:_identify(cas_ws/src/vision_module) by extension 'colcon_meta'
[0.740s] Level 1:colcon.colcon_core.package_identification:_identify(cas_ws/src/vision_module) by extensions ['ros']
[0.740s] Level 1:colcon.colcon_core.package_identification:_identify(cas_ws/src/vision_module) by extension 'ros'
[0.740s] DEBUG:colcon.colcon_core.package_identification:Package 'cas_ws/src/vision_module' with type 'ros.ament_python' and name 'vision_module'
[0.740s] Level 1:colcon.colcon_core.package_identification:_identify(install) by extensions ['ignore', 'ignore_ament_install']
[0.740s] Level 1:colcon.colcon_core.package_identification:_identify(install) by extension 'ignore'
[0.740s] Level 1:colcon.colcon_core.package_identification:_identify(install) ignored
[0.740s] Level 1:colcon.colcon_core.package_identification:_identify(log) by extensions ['ignore', 'ignore_ament_install']
[0.740s] Level 1:colcon.colcon_core.package_identification:_identify(log) by extension 'ignore'
[0.740s] Level 1:colcon.colcon_core.package_identification:_identify(log) ignored
[0.740s] Level 1:colcon.colcon_core.package_discovery:discover_packages(recursive) using defaults
[0.740s] Level 1:colcon.colcon_core.package_discovery:discover_packages(ignore) discover
[0.740s] Level 1:colcon.colcon_core.package_discovery:discover_packages(ignore) using defaults
[0.740s] Level 1:colcon.colcon_core.package_discovery:discover_packages(path) discover
[0.740s] Level 1:colcon.colcon_core.package_discovery:discover_packages(path) using defaults
[0.777s] INFO:colcon.colcon_core.package_selection:Skipping not selected package 'common_msgs' in 'cas_ws/src/common_msgs'
[0.777s] INFO:colcon.colcon_core.package_selection:Skipping not selected package 'io_module' in 'cas_ws/src/io_module'
[0.777s] INFO:colcon.colcon_core.package_selection:Skipping not selected package 'model_module' in 'cas_ws/src/model_module'
[0.777s] INFO:colcon.colcon_core.package_selection:Skipping not selected package 'motor_control_module' in 'cas_ws/src/motor_control_module'
[0.777s] INFO:colcon.colcon_core.package_selection:Skipping not selected package 'object_frame_compensation_package' in 'cas_ws/src/object_frame_compensation_package'
[0.777s] INFO:colcon.colcon_core.package_selection:Skipping not selected package 'task_module' in 'cas_ws/src/task_module'
[0.777s] INFO:colcon.colcon_core.package_selection:Skipping not selected package 'uros_interface' in 'cas_ws/src/uros_interface'
[0.777s] INFO:colcon.colcon_core.package_selection:Skipping not selected package 'motion_control_module' in 'cas_ws/src/motion_control_module'
[0.777s] INFO:colcon.colcon_core.package_selection:Skipping not selected package 'state_machine_module' in 'cas_ws/src/state_machine_module'
[0.777s] INFO:colcon.colcon_core.package_selection:Skipping not selected package 'ui_app' in 'cas_ws/src/ui_app'
[0.777s] INFO:colcon.colcon_core.package_selection:Skipping not selected package 'ui_module' in 'cas_ws/src/ui_module'
[0.778s] Level 1:colcon.colcon_core.package_discovery:discover_packages(prefix_path) check parameters
[0.778s] Level 1:colcon.colcon_core.package_discovery:discover_packages(prefix_path) discover
[0.782s] DEBUG:colcon.colcon_installed_package_information.package_discovery:Found 3 installed packages in /home/jingtai/rosalign_ws/install
[0.784s] DEBUG:colcon.colcon_installed_package_information.package_discovery:Found 276 installed packages in /opt/ros/humble
[0.785s] Level 1:colcon.colcon_core.package_discovery:discover_packages(prefix_path) using defaults
[0.849s] Level 5:colcon.colcon_core.verb:set package 'vision_module' build argument 'cmake_args' from command line to 'None'
[0.849s] Level 5:colcon.colcon_core.verb:set package 'vision_module' build argument 'cmake_target' from command line to 'None'
[0.849s] Level 5:colcon.colcon_core.verb:set package 'vision_module' build argument 'cmake_target_skip_unavailable' from command line to 'False'
[0.849s] Level 5:colcon.colcon_core.verb:set package 'vision_module' build argument 'cmake_clean_cache' from command line to 'False'
[0.849s] Level 5:colcon.colcon_core.verb:set package 'vision_module' build argument 'cmake_clean_first' from command line to 'False'
[0.849s] Level 5:colcon.colcon_core.verb:set package 'vision_module' build argument 'cmake_force_configure' from command line to 'False'
[0.849s] Level 5:colcon.colcon_core.verb:set package 'vision_module' build argument 'ament_cmake_args' from command line to 'None'
[0.849s] Level 5:colcon.colcon_core.verb:set package 'vision_module' build argument 'catkin_cmake_args' from command line to 'None'
[0.849s] Level 5:colcon.colcon_core.verb:set package 'vision_module' build argument 'catkin_skip_building_tests' from command line to 'False'
[0.849s] DEBUG:colcon.colcon_core.verb:Building package 'vision_module' with the following arguments: {'ament_cmake_args': None, 'build_base': '/home/jingtai/henrycode/build/vision_module', 'catkin_cmake_args': None, 'catkin_skip_building_tests': False, 'cmake_args': None, 'cmake_clean_cache': False, 'cmake_clean_first': False, 'cmake_force_configure': False, 'cmake_target': None, 'cmake_target_skip_unavailable': False, 'install_base': '/home/jingtai/henrycode/install/vision_module', 'merge_install': False, 'path': '/home/jingtai/henrycode/cas_ws/src/vision_module', 'symlink_install': False, 'test_result_base': None}
[0.849s] INFO:colcon.colcon_core.executor:Executing jobs using 'parallel' executor
[0.850s] DEBUG:colcon.colcon_parallel_executor.executor.parallel:run_until_complete
[0.850s] INFO:colcon.colcon_ros.task.ament_python.build:Building ROS package in '/home/jingtai/henrycode/cas_ws/src/vision_module' with build type 'ament_python'
[0.851s] Level 1:colcon.colcon_core.shell:create_environment_hook('vision_module', 'ament_prefix_path')
[0.856s] INFO:colcon.colcon_core.plugin_system:Skipping extension 'colcon_core.shell.bat': Not used on non-Windows systems
[0.856s] INFO:colcon.colcon_core.shell:Creating environment hook '/home/jingtai/henrycode/install/vision_module/share/vision_module/hook/ament_prefix_path.ps1'
[0.857s] INFO:colcon.colcon_core.shell:Creating environment descriptor '/home/jingtai/henrycode/install/vision_module/share/vision_module/hook/ament_prefix_path.dsv'
[0.858s] INFO:colcon.colcon_core.shell:Creating environment hook '/home/jingtai/henrycode/install/vision_module/share/vision_module/hook/ament_prefix_path.sh'
[0.858s] INFO:colcon.colcon_core.shell:Skip shell extension 'powershell' for command environment: Not usable outside of PowerShell
[0.859s] DEBUG:colcon.colcon_core.shell:Skip shell extension 'dsv' for command environment
[1.378s] INFO:colcon.colcon_core.task.python.build:Building Python package in '/home/jingtai/henrycode/cas_ws/src/vision_module'
[1.378s] INFO:colcon.colcon_core.shell:Skip shell extension 'powershell' for command environment: Not usable outside of PowerShell
[1.379s] DEBUG:colcon.colcon_core.shell:Skip shell extension 'dsv' for command environment
[1.930s] DEBUG:colcon.colcon_core.event_handler.log_command:Invoking command in '/home/jingtai/henrycode/cas_ws/src/vision_module': PYTHONPATH=/home/jingtai/henrycode/build/vision_module/prefix_override:/usr/lib/python3/dist-packages/colcon_core/task/python/colcon_distutils_commands:/home/jingtai/henrycode/install/vision_module/lib/python3.10/site-packages:${PYTHONPATH} /usr/bin/python3 -W ignore:setup.py install is deprecated -W ignore:easy_install command is deprecated setup.py egg_info --egg-base ../../../build/vision_module build --build-base /home/jingtai/henrycode/build/vision_module/build install --record /home/jingtai/henrycode/build/vision_module/install.log --single-version-externally-managed install_data
[2.193s] DEBUG:colcon.colcon_core.event_handler.log_command:Invoked command in '/home/jingtai/henrycode/cas_ws/src/vision_module' returned '0': PYTHONPATH=/home/jingtai/henrycode/build/vision_module/prefix_override:/usr/lib/python3/dist-packages/colcon_core/task/python/colcon_distutils_commands:/home/jingtai/henrycode/install/vision_module/lib/python3.10/site-packages:${PYTHONPATH} /usr/bin/python3 -W ignore:setup.py install is deprecated -W ignore:easy_install command is deprecated setup.py egg_info --egg-base ../../../build/vision_module build --build-base /home/jingtai/henrycode/build/vision_module/build install --record /home/jingtai/henrycode/build/vision_module/install.log --single-version-externally-managed install_data
[2.213s] Level 1:colcon.colcon_core.environment:checking '/home/jingtai/henrycode/install/vision_module' for CMake module files
[2.213s] Level 1:colcon.colcon_core.environment:checking '/home/jingtai/henrycode/install/vision_module' for CMake config files
[2.214s] Level 1:colcon.colcon_core.environment:checking '/home/jingtai/henrycode/install/vision_module/lib'
[2.214s] Level 1:colcon.colcon_core.environment:checking '/home/jingtai/henrycode/install/vision_module/bin'
[2.214s] Level 1:colcon.colcon_core.environment:checking '/home/jingtai/henrycode/install/vision_module/lib/pkgconfig/vision_module.pc'
[2.214s] Level 1:colcon.colcon_core.environment:checking '/home/jingtai/henrycode/install/vision_module/lib/python3.10/site-packages'
[2.215s] Level 1:colcon.colcon_core.shell:create_environment_hook('vision_module', 'pythonpath')
[2.215s] INFO:colcon.colcon_core.shell:Creating environment hook '/home/jingtai/henrycode/install/vision_module/share/vision_module/hook/pythonpath.ps1'
[2.215s] INFO:colcon.colcon_core.shell:Creating environment descriptor '/home/jingtai/henrycode/install/vision_module/share/vision_module/hook/pythonpath.dsv'
[2.215s] INFO:colcon.colcon_core.shell:Creating environment hook '/home/jingtai/henrycode/install/vision_module/share/vision_module/hook/pythonpath.sh'
[2.215s] Level 1:colcon.colcon_core.environment:checking '/home/jingtai/henrycode/install/vision_module/bin'
[2.216s] Level 1:colcon.colcon_core.environment:create_environment_scripts_only(vision_module)
[2.216s] INFO:colcon.colcon_core.shell:Creating package script '/home/jingtai/henrycode/install/vision_module/share/vision_module/package.ps1'
[2.217s] INFO:colcon.colcon_core.shell:Creating package descriptor '/home/jingtai/henrycode/install/vision_module/share/vision_module/package.dsv'
[2.218s] INFO:colcon.colcon_core.shell:Creating package script '/home/jingtai/henrycode/install/vision_module/share/vision_module/package.sh'
[2.219s] INFO:colcon.colcon_core.shell:Creating package script '/home/jingtai/henrycode/install/vision_module/share/vision_module/package.bash'
[2.221s] INFO:colcon.colcon_core.shell:Creating package script '/home/jingtai/henrycode/install/vision_module/share/vision_module/package.zsh'
[2.223s] Level 1:colcon.colcon_core.environment:create_file_with_runtime_dependencies(/home/jingtai/henrycode/install/vision_module/share/colcon-core/packages/vision_module)
[2.224s] DEBUG:colcon.colcon_parallel_executor.executor.parallel:closing loop
[2.224s] DEBUG:colcon.colcon_parallel_executor.executor.parallel:loop closed
[2.224s] DEBUG:colcon.colcon_parallel_executor.executor.parallel:run_until_complete finished with '0'
[2.224s] DEBUG:colcon.colcon_core.event_reactor:joining thread
[2.254s] INFO:colcon.colcon_core.plugin_system:Skipping extension 'colcon_notification.desktop_notification.terminal_notifier': Not used on non-Darwin systems
[2.254s] INFO:colcon.colcon_core.plugin_system:Skipping extension 'colcon_notification.desktop_notification.win32': Not used on non-Windows systems
[2.254s] INFO:colcon.colcon_notification.desktop_notification:Sending desktop notification using 'notify2'
[2.427s] DEBUG:colcon.colcon_core.event_reactor:joined thread
[2.428s] INFO:colcon.colcon_core.shell:Creating prefix script '/home/jingtai/henrycode/install/local_setup.ps1'
[2.429s] INFO:colcon.colcon_core.shell:Creating prefix util module '/home/jingtai/henrycode/install/_local_setup_util_ps1.py'
[2.431s] INFO:colcon.colcon_core.shell:Creating prefix chain script '/home/jingtai/henrycode/install/setup.ps1'
[2.435s] INFO:colcon.colcon_core.shell:Creating prefix script '/home/jingtai/henrycode/install/local_setup.sh'
[2.436s] INFO:colcon.colcon_core.shell:Creating prefix util module '/home/jingtai/henrycode/install/_local_setup_util_sh.py'
[2.437s] INFO:colcon.colcon_core.shell:Creating prefix chain script '/home/jingtai/henrycode/install/setup.sh'
[2.439s] INFO:colcon.colcon_core.shell:Creating prefix script '/home/jingtai/henrycode/install/local_setup.bash'
[2.441s] INFO:colcon.colcon_core.shell:Creating prefix chain script '/home/jingtai/henrycode/install/setup.bash'
[2.442s] INFO:colcon.colcon_core.shell:Creating prefix script '/home/jingtai/henrycode/install/local_setup.zsh'
[2.443s] INFO:colcon.colcon_core.shell:Creating prefix chain script '/home/jingtai/henrycode/install/setup.zsh'
