/home/jingtai/henrycode/install/vision_module/lib/python3.10/site-packages/vision_module/dectionL_node.py
/home/jingtai/henrycode/install/vision_module/lib/python3.10/site-packages/vision_module/realsense_capture_node.py
/home/jingtai/henrycode/install/vision_module/lib/python3.10/site-packages/vision_module/feature.py
/home/jingtai/henrycode/install/vision_module/lib/python3.10/site-packages/vision_module/detection_node.py
/home/jingtai/henrycode/install/vision_module/lib/python3.10/site-packages/vision_module/roi_preview_node.py
/home/jingtai/henrycode/install/vision_module/lib/python3.10/site-packages/vision_module/icp_fitter.py
/home/jingtai/henrycode/install/vision_module/lib/python3.10/site-packages/vision_module/__init__.py
/home/jingtai/henrycode/install/vision_module/lib/python3.10/site-packages/vision_module/l_shape_detector.py
/home/jingtai/henrycode/install/vision_module/lib/python3.10/site-packages/vision_module/write.py
/home/jingtai/henrycode/install/vision_module/lib/python3.10/site-packages/vision_module/lshape_cmd_node.py
/home/jingtai/henrycode/install/vision_module/lib/python3.10/site-packages/vision_module/screw_detector.py
/home/jingtai/henrycode/install/vision_module/lib/python3.10/site-packages/vision_module/template/template1.png
/home/jingtai/henrycode/install/vision_module/lib/python3.10/site-packages/vision_module/template/template3.png
/home/jingtai/henrycode/install/vision_module/lib/python3.10/site-packages/vision_module/template/template0.png
/home/jingtai/henrycode/install/vision_module/lib/python3.10/site-packages/vision_module/template/template2.png
/home/jingtai/henrycode/install/vision_module/lib/python3.10/site-packages/vision_module/template2_shape/feature_shape_0.png
/home/jingtai/henrycode/install/vision_module/lib/python3.10/site-packages/vision_module/template2_shape/feature_shape_1.png
/home/jingtai/henrycode/install/vision_module/lib/python3.10/site-packages/vision_module/template2_shape/l_shape_2.png
/home/jingtai/henrycode/install/vision_module/lib/python3.10/site-packages/vision_module/template2_shape/feature_shape_2.png
/home/jingtai/henrycode/install/vision_module/lib/python3.10/site-packages/vision_module/template2_shape/feature_shape_3.png
/home/jingtai/henrycode/install/vision_module/lib/python3.10/site-packages/vision_module/template2_shape/l_shape_3.png
/home/jingtai/henrycode/install/vision_module/lib/python3.10/site-packages/vision_module/template2_shape/l_shape_0.png
/home/jingtai/henrycode/install/vision_module/lib/python3.10/site-packages/vision_module/template2_shape/l_shape_1.png
/home/jingtai/henrycode/install/vision_module/lib/python3.10/site-packages/vision_module/template_l_shape/l_shape_0.png
/home/jingtai/henrycode/install/vision_module/lib/python3.10/site-packages/vision_module/template_l_shape/l_shape_1.png
/home/jingtai/henrycode/install/vision_module/lib/python3.10/site-packages/vision_module/__pycache__/dectionL_node.cpython-310.pyc
/home/jingtai/henrycode/install/vision_module/lib/python3.10/site-packages/vision_module/__pycache__/realsense_capture_node.cpython-310.pyc
/home/jingtai/henrycode/install/vision_module/lib/python3.10/site-packages/vision_module/__pycache__/feature.cpython-310.pyc
/home/jingtai/henrycode/install/vision_module/lib/python3.10/site-packages/vision_module/__pycache__/detection_node.cpython-310.pyc
/home/jingtai/henrycode/install/vision_module/lib/python3.10/site-packages/vision_module/__pycache__/roi_preview_node.cpython-310.pyc
/home/jingtai/henrycode/install/vision_module/lib/python3.10/site-packages/vision_module/__pycache__/icp_fitter.cpython-310.pyc
/home/jingtai/henrycode/install/vision_module/lib/python3.10/site-packages/vision_module/__pycache__/__init__.cpython-310.pyc
/home/jingtai/henrycode/install/vision_module/lib/python3.10/site-packages/vision_module/__pycache__/l_shape_detector.cpython-310.pyc
/home/jingtai/henrycode/install/vision_module/lib/python3.10/site-packages/vision_module/__pycache__/write.cpython-310.pyc
/home/jingtai/henrycode/install/vision_module/lib/python3.10/site-packages/vision_module/__pycache__/lshape_cmd_node.cpython-310.pyc
/home/jingtai/henrycode/install/vision_module/lib/python3.10/site-packages/vision_module/__pycache__/screw_detector.cpython-310.pyc
/home/jingtai/henrycode/install/vision_module/share/ament_index/resource_index/packages/vision_module
/home/jingtai/henrycode/install/vision_module/share/vision_module/package.xml
/home/jingtai/henrycode/install/vision_module/share/vision_module/template/template1.png
/home/jingtai/henrycode/install/vision_module/share/vision_module/template/template3.png
/home/jingtai/henrycode/install/vision_module/share/vision_module/template/template0.png
/home/jingtai/henrycode/install/vision_module/share/vision_module/template/template2.png
/home/jingtai/henrycode/install/vision_module/share/vision_module/template2_shape/feature_shape_0.png
/home/jingtai/henrycode/install/vision_module/share/vision_module/template2_shape/feature_shape_1.png
/home/jingtai/henrycode/install/vision_module/share/vision_module/template2_shape/l_shape_2.png
/home/jingtai/henrycode/install/vision_module/share/vision_module/template2_shape/feature_shape_2.png
/home/jingtai/henrycode/install/vision_module/share/vision_module/template2_shape/feature_shape_3.png
/home/jingtai/henrycode/install/vision_module/share/vision_module/template2_shape/l_shape_3.png
/home/jingtai/henrycode/install/vision_module/share/vision_module/template2_shape/l_shape_0.png
/home/jingtai/henrycode/install/vision_module/share/vision_module/template2_shape/l_shape_1.png
/home/jingtai/henrycode/install/vision_module/share/vision_module/template_l_shape/l_shape_0.png
/home/jingtai/henrycode/install/vision_module/share/vision_module/template_l_shape/l_shape_1.png
/home/jingtai/henrycode/install/vision_module/lib/vision_module/template/template1.png
/home/jingtai/henrycode/install/vision_module/lib/vision_module/template/template3.png
/home/jingtai/henrycode/install/vision_module/lib/vision_module/template/template0.png
/home/jingtai/henrycode/install/vision_module/lib/vision_module/template/template2.png
/home/jingtai/henrycode/install/vision_module/lib/vision_module/template2_shape/feature_shape_0.png
/home/jingtai/henrycode/install/vision_module/lib/vision_module/template2_shape/feature_shape_1.png
/home/jingtai/henrycode/install/vision_module/lib/vision_module/template2_shape/l_shape_2.png
/home/jingtai/henrycode/install/vision_module/lib/vision_module/template2_shape/feature_shape_2.png
/home/jingtai/henrycode/install/vision_module/lib/vision_module/template2_shape/feature_shape_3.png
/home/jingtai/henrycode/install/vision_module/lib/vision_module/template2_shape/l_shape_3.png
/home/jingtai/henrycode/install/vision_module/lib/vision_module/template2_shape/l_shape_0.png
/home/jingtai/henrycode/install/vision_module/lib/vision_module/template2_shape/l_shape_1.png
/home/jingtai/henrycode/install/vision_module/lib/vision_module/template_l_shape/l_shape_0.png
/home/jingtai/henrycode/install/vision_module/lib/vision_module/template_l_shape/l_shape_1.png
/home/jingtai/henrycode/install/vision_module/lib/python3.10/site-packages/vision_module-0.0.0-py3.10.egg-info/requires.txt
/home/jingtai/henrycode/install/vision_module/lib/python3.10/site-packages/vision_module-0.0.0-py3.10.egg-info/PKG-INFO
/home/jingtai/henrycode/install/vision_module/lib/python3.10/site-packages/vision_module-0.0.0-py3.10.egg-info/SOURCES.txt
/home/jingtai/henrycode/install/vision_module/lib/python3.10/site-packages/vision_module-0.0.0-py3.10.egg-info/dependency_links.txt
/home/jingtai/henrycode/install/vision_module/lib/python3.10/site-packages/vision_module-0.0.0-py3.10.egg-info/zip-safe
/home/jingtai/henrycode/install/vision_module/lib/python3.10/site-packages/vision_module-0.0.0-py3.10.egg-info/top_level.txt
/home/jingtai/henrycode/install/vision_module/lib/python3.10/site-packages/vision_module-0.0.0-py3.10.egg-info/entry_points.txt
/home/jingtai/henrycode/install/vision_module/lib/vision_module/dectionL_node
/home/jingtai/henrycode/install/vision_module/lib/vision_module/detection_node
/home/jingtai/henrycode/install/vision_module/lib/vision_module/icp_fitter
/home/jingtai/henrycode/install/vision_module/lib/vision_module/l_shape_detector
/home/jingtai/henrycode/install/vision_module/lib/vision_module/realsense_capture_node
/home/jingtai/henrycode/install/vision_module/lib/vision_module/realsense_rough
/home/jingtai/henrycode/install/vision_module/lib/vision_module/realsenselib
/home/jingtai/henrycode/install/vision_module/lib/vision_module/roi_preview_node
/home/jingtai/henrycode/install/vision_module/lib/vision_module/screw_detector
